#
# There is insufficient memory for the Java Runtime Environment to continue.
# Native memory allocation (malloc) failed to allocate 215456 bytes for Chunk::new
# Possible reasons:
#   The system is out of physical RAM or swap space
#   The process is running with CompressedOops enabled, and the Java Heap may be blocking the growth of the native heap
# Possible solutions:
#   Reduce memory load on the system
#   Increase physical memory or swap space
#   Check if swap backing store is full
#   Decrease Java heap size (-Xmx/-Xms)
#   Decrease number of Java threads
#   Decrease Java thread stack sizes (-Xss)
#   Set larger code cache with -XX:ReservedCodeCacheSize=
#   JVM is running with Unscaled Compressed Oops mode in which the Java heap is
#     placed in the first 4GB address space. The Java Heap base address is the
#     maximum limit for the native heap growth. Please use -XX:HeapBaseMinAddress
#     to set the Java Heap base and to place the Java Heap above 4GB virtual address.
# This output file may be truncated or incomplete.
#
#  Out of Memory Error (./open/src/hotspot/share/memory/arena.cpp:195), pid=53560, tid=21764
#
# JRE version: OpenJDK Runtime Environment (15.0.1+9) (build 15.0.1+9-18)
# Java VM: OpenJDK 64-Bit Server VM (15.0.1+9-18, mixed mode, tiered, compressed oops, g1 gc, windows-amd64)
# No core dump will be written. Minidumps are not enabled by default on client versions of Windows
#

---------------  S U M M A R Y ------------

Command Line: -Dfile.encoding=UTF-8 -XX:+ShowCodeDetailsInExceptionMessages com.capgemini.manageuser.ManageuserApplication

Host: Intel(R) Core(TM) i5-7200U CPU @ 2.50GHz, 4 cores, 3G,  Windows 10 , 64 bit Build 18362 (10.0.18362.1350)
Time: Fri Mar 26 21:36:59 2021 India Standard Time elapsed time: 11.841889 seconds (0d 0h 0m 11s)

---------------  T H R E A D  ---------------

Current thread (0x00000215ffe1e760):  JavaThread "C2 CompilerThread0" daemon [_thread_in_native, id=21764, stack(0x00000064f9f00000,0x00000064fa000000)]


Current CompileTask:
C2:  11842 3866       4       java.net.URLStreamHandler::toExternalForm (156 bytes)

Stack: [0x00000064f9f00000,0x00000064fa000000]
Native frames: (J=compiled Java code, j=interpreted, Vv=VM code, C=native code)
V  [jvm.dll+0x62ae9a]
V  [jvm.dll+0x781389]
V  [jvm.dll+0x782ae3]
V  [jvm.dll+0x783143]
V  [jvm.dll+0x216265]
V  [jvm.dll+0x97efa]
V  [jvm.dll+0x985dc]
V  [jvm.dll+0x27a1bf]
V  [jvm.dll+0x5408d4]
V  [jvm.dll+0x1f2c14]
V  [jvm.dll+0x1ec288]
V  [jvm.dll+0x1e97a7]
V  [jvm.dll+0x1784c7]
V  [jvm.dll+0x1f9165]
V  [jvm.dll+0x1f720c]
V  [jvm.dll+0x74485d]
V  [jvm.dll+0x73d65a]
V  [jvm.dll+0x629c56]
C  [ucrtbase.dll+0x210b2]
C  [KERNEL32.DLL+0x17c24]
C  [ntdll.dll+0x6d721]


---------------  P R O C E S S  ---------------

Threads class SMR info:
_java_thread_list=0x00000215860902e0, length=16, elements={
0x00000215ec8f4c90, 0x00000215ffe01010, 0x00000215ffe018d0, 0x00000215ffdeea20,
0x00000215ffdef2e0, 0x00000215847400d0, 0x00000215ffe1e760, 0x0000021584786560,
0x0000021584798a60, 0x00000215847418e0, 0x00000215847435c0, 0x0000021584743a90,
0x0000021584742c20, 0x00000215862db230, 0x00000215862dc570, 0x00000215862dca40
}

Java Threads: ( => current thread )
  0x00000215ec8f4c90 JavaThread "main" [_thread_blocked, id=62208, stack(0x00000064f9300000,0x00000064f9400000)]
  0x00000215ffe01010 JavaThread "Reference Handler" daemon [_thread_blocked, id=8440, stack(0x00000064f9a00000,0x00000064f9b00000)]
  0x00000215ffe018d0 JavaThread "Finalizer" daemon [_thread_blocked, id=62008, stack(0x00000064f9b00000,0x00000064f9c00000)]
  0x00000215ffdeea20 JavaThread "Signal Dispatcher" daemon [_thread_blocked, id=62704, stack(0x00000064f9c00000,0x00000064f9d00000)]
  0x00000215ffdef2e0 JavaThread "Attach Listener" daemon [_thread_blocked, id=6624, stack(0x00000064f9d00000,0x00000064f9e00000)]
  0x00000215847400d0 JavaThread "Service Thread" daemon [_thread_blocked, id=61836, stack(0x00000064f9e00000,0x00000064f9f00000)]
=>0x00000215ffe1e760 JavaThread "C2 CompilerThread0" daemon [_thread_in_native, id=21764, stack(0x00000064f9f00000,0x00000064fa000000)]
  0x0000021584786560 JavaThread "C1 CompilerThread0" daemon [_thread_blocked, id=61124, stack(0x00000064fa000000,0x00000064fa100000)]
  0x0000021584798a60 JavaThread "Sweeper thread" daemon [_thread_blocked, id=59240, stack(0x00000064fa100000,0x00000064fa200000)]
  0x00000215847418e0 JavaThread "Notification Thread" daemon [_thread_blocked, id=20036, stack(0x00000064fa200000,0x00000064fa300000)]
  0x00000215847435c0 JavaThread "Common-Cleaner" daemon [_thread_blocked, id=21072, stack(0x00000064fa400000,0x00000064fa500000)]
  0x0000021584743a90 JavaThread "Thread-0" [_thread_blocked, id=19180, stack(0x00000064fa700000,0x00000064fa800000)]
  0x0000021584742c20 JavaThread "restartedMain" [_thread_blocked, id=21712, stack(0x00000064fa800000,0x00000064fa900000)]
  0x00000215862db230 JavaThread "PostgreSQL-JDBC-SharedTimer-1" daemon [_thread_blocked, id=22256, stack(0x00000064fac00000,0x00000064fad00000)]
  0x00000215862dc570 JavaThread "HikariPool-1 housekeeper" daemon [_thread_blocked, id=16460, stack(0x00000064fad00000,0x00000064fae00000)]
  0x00000215862dca40 JavaThread "HikariPool-1 connection adder" daemon [_thread_blocked, id=13776, stack(0x00000064fae00000,0x00000064faf00000)]

Other Threads:
  0x00000215ec9ae710 VMThread "VM Thread" [stack: 0x00000064f9900000,0x00000064f9a00000] [id=63064]
  0x00000215848f1010 WatcherThread [stack: 0x00000064fa300000,0x00000064fa400000] [id=61020]
  0x00000215ec9245a0 GCTaskThread "GC Thread#0" [stack: 0x00000064f9400000,0x00000064f9500000] [id=15396]
  0x0000021584d18250 GCTaskThread "GC Thread#1" [stack: 0x00000064fa500000,0x00000064fa600000] [id=60172]
  0x0000021584d19570 GCTaskThread "GC Thread#2" [stack: 0x00000064faa00000,0x00000064fab00000] [id=4652]
  0x0000021584d18be0 GCTaskThread "GC Thread#3" [stack: 0x00000064fab00000,0x00000064fac00000] [id=4028]
  0x00000215ec92ec30 ConcurrentGCThread "G1 Main Marker" [stack: 0x00000064f9500000,0x00000064f9600000] [id=17100]
  0x00000215ec92f7b0 ConcurrentGCThread "G1 Conc#0" [stack: 0x00000064f9600000,0x00000064f9700000] [id=20792]
  0x00000215ec984c50 ConcurrentGCThread "G1 Refine#0" [stack: 0x00000064f9700000,0x00000064f9800000] [id=59960]
  0x0000021585160020 ConcurrentGCThread "G1 Refine#1" [stack: 0x00000064fa600000,0x00000064fa700000] [id=60820]
  0x00000215ec9857e0 ConcurrentGCThread "G1 Young RemSet Sampling" [stack: 0x00000064f9800000,0x00000064f9900000] [id=60828]

Threads with active compile tasks:
C2 CompilerThread0    11937 3866       4       java.net.URLStreamHandler::toExternalForm (156 bytes)

VM state: at safepoint (normal execution)

VM Mutex/Monitor currently owned by a thread:  ([mutex/lock_event])
[0x00000215ec8f2990] Threads_lock - owner thread: 0x00000215ec9ae710
[0x00000215ec8f11f0] Heap_lock - owner thread: 0x0000021584742c20

Heap address: 0x00000000c1800000, size: 1000 MB, Compressed Oops mode: 32-bit
CDS disabled.
Compressed class space mapped at: 0x0000000100000000-0x0000000140000000, size: 1073741824
Narrow klass base: 0x0000000000000000, Narrow klass shift: 3, Narrow klass range: 0x140000000

GC Precious Log:
 CPUs: 4 total, 4 available
 Memory: 3996M
 Large Page Support: Disabled
 NUMA Support: Disabled
 Compressed Oops: Enabled (32-bit)
 Heap Region Size: 1M
 Heap Min Capacity: 8M
 Heap Initial Capacity: 64M
 Heap Max Capacity: 1000M
 Pre-touch: Disabled
 Parallel Workers: 4
 Concurrent Workers: 1
 Concurrent Refinement Workers: 4
 Periodic GC: Disabled

Heap:
 garbage-first heap   total 37888K, used 17086K [0x00000000c1800000, 0x0000000100000000)
  region size 1024K, 2 young (2048K), 2 survivors (2048K)
 Metaspace       used 44764K, capacity 45230K, committed 45312K, reserved 1103872K
  class space    used 5424K, capacity 5572K, committed 5632K, reserved 1048576K

Heap Regions: E=young(eden), S=young(survivor), O=old, HS=humongous(starts), HC=humongous(continues), CS=collection set, F=free, OA=open archive, CA=closed archive, TAMS=top-at-mark-start (previous, next)
|   0|0x00000000c1800000, 0x00000000c1900000, 0x00000000c1900000|100%|HS|  |TAMS 0x00000000c1900000, 0x00000000c1900000| Complete 
|   1|0x00000000c1900000, 0x00000000c1a00000, 0x00000000c1a00000|100%| O|  |TAMS 0x00000000c1a00000, 0x00000000c1a00000| Untracked 
|   2|0x00000000c1a00000, 0x00000000c1b00000, 0x00000000c1b00000|100%| O|  |TAMS 0x00000000c1b00000, 0x00000000c1b00000| Untracked 
|   3|0x00000000c1b00000, 0x00000000c1c00000, 0x00000000c1c00000|100%| O|  |TAMS 0x00000000c1c00000, 0x00000000c1c00000| Untracked 
|   4|0x00000000c1c00000, 0x00000000c1d00000, 0x00000000c1d00000|100%| O|  |TAMS 0x00000000c1d00000, 0x00000000c1d00000| Untracked 
|   5|0x00000000c1d00000, 0x00000000c1e00000, 0x00000000c1e00000|100%| O|  |TAMS 0x00000000c1e00000, 0x00000000c1e00000| Untracked 
|   6|0x00000000c1e00000, 0x00000000c1e42c00, 0x00000000c1f00000| 26%| O|  |TAMS 0x00000000c1e42c00, 0x00000000c1e42c00| Untracked 
|   7|0x00000000c1f00000, 0x00000000c2000000, 0x00000000c2000000|100%| O|  |TAMS 0x00000000c2000000, 0x00000000c2000000| Untracked 
|   8|0x00000000c2000000, 0x00000000c2100000, 0x00000000c2100000|100%| O|  |TAMS 0x00000000c2100000, 0x00000000c2100000| Untracked 
|   9|0x00000000c2100000, 0x00000000c2200000, 0x00000000c2200000|100%| O|  |TAMS 0x00000000c2200000, 0x00000000c2200000| Untracked 
|  10|0x00000000c2200000, 0x00000000c2300000, 0x00000000c2300000|100%| O|  |TAMS 0x00000000c2300000, 0x00000000c2300000| Untracked 
|  11|0x00000000c2300000, 0x00000000c2400000, 0x00000000c2400000|100%| O|  |TAMS 0x00000000c23ca000, 0x00000000c2400000| Untracked 
|  12|0x00000000c2400000, 0x00000000c2500000, 0x00000000c2500000|100%| O|  |TAMS 0x00000000c2400000, 0x00000000c2500000| Untracked 
|  13|0x00000000c2500000, 0x00000000c2600000, 0x00000000c2600000|100%| O|  |TAMS 0x00000000c2500000, 0x00000000c2600000| Untracked 
|  14|0x00000000c2600000, 0x00000000c2700000, 0x00000000c2700000|100%| O|  |TAMS 0x00000000c2600000, 0x00000000c26ede00| Untracked 
|  15|0x00000000c2700000, 0x00000000c279b600, 0x00000000c2800000| 60%| O|  |TAMS 0x00000000c2700000, 0x00000000c2700000| Untracked 
|  16|0x00000000c2800000, 0x00000000c2800000, 0x00000000c2900000|  0%| F|  |TAMS 0x00000000c2800000, 0x00000000c2800000| Untracked 
|  17|0x00000000c2900000, 0x00000000c2900000, 0x00000000c2a00000|  0%| F|  |TAMS 0x00000000c2900000, 0x00000000c2900000| Untracked 
|  18|0x00000000c2a00000, 0x00000000c2a00000, 0x00000000c2b00000|  0%| F|  |TAMS 0x00000000c2a00000, 0x00000000c2a00000| Untracked 
|  19|0x00000000c2b00000, 0x00000000c2b00000, 0x00000000c2c00000|  0%| F|  |TAMS 0x00000000c2b00000, 0x00000000c2b00000| Untracked 
|  20|0x00000000c2c00000, 0x00000000c2c00000, 0x00000000c2d00000|  0%| F|  |TAMS 0x00000000c2c00000, 0x00000000c2c00000| Untracked 
|  21|0x00000000c2d00000, 0x00000000c2d00000, 0x00000000c2e00000|  0%| F|  |TAMS 0x00000000c2d00000, 0x00000000c2d00000| Untracked 
|  22|0x00000000c2e00000, 0x00000000c2e00000, 0x00000000c2f00000|  0%| F|  |TAMS 0x00000000c2e00000, 0x00000000c2e00000| Untracked 
|  23|0x00000000c2f00000, 0x00000000c2f00000, 0x00000000c3000000|  0%| F|  |TAMS 0x00000000c2f00000, 0x00000000c2f00000| Untracked 
|  24|0x00000000c3000000, 0x00000000c3000000, 0x00000000c3100000|  0%| F|  |TAMS 0x00000000c3000000, 0x00000000c3000000| Untracked 
|  25|0x00000000c3100000, 0x00000000c3100000, 0x00000000c3200000|  0%| F|  |TAMS 0x00000000c3100000, 0x00000000c3100000| Untracked 
|  26|0x00000000c3200000, 0x00000000c32d1608, 0x00000000c3300000| 81%| S|CS|TAMS 0x00000000c3200000, 0x00000000c3200000| Complete 
|  27|0x00000000c3300000, 0x00000000c3400000, 0x00000000c3400000|100%| S|CS|TAMS 0x00000000c3300000, 0x00000000c3300000| Complete 
|  28|0x00000000c3400000, 0x00000000c3400000, 0x00000000c3500000|  0%| F|  |TAMS 0x00000000c3400000, 0x00000000c3400000| Untracked 
|  29|0x00000000c3500000, 0x00000000c3500000, 0x00000000c3600000|  0%| F|  |TAMS 0x00000000c3500000, 0x00000000c3500000| Untracked 
|  30|0x00000000c3600000, 0x00000000c3600000, 0x00000000c3700000|  0%| F|  |TAMS 0x00000000c3600000, 0x00000000c3600000| Untracked 
|  31|0x00000000c3700000, 0x00000000c3700000, 0x00000000c3800000|  0%| F|  |TAMS 0x00000000c3700000, 0x00000000c3700000| Untracked 
|  32|0x00000000c3800000, 0x00000000c3800000, 0x00000000c3900000|  0%| F|  |TAMS 0x00000000c3800000, 0x00000000c3800000| Untracked 
|  53|0x00000000c4d00000, 0x00000000c4d00000, 0x00000000c4e00000|  0%| F|  |TAMS 0x00000000c4d00000, 0x00000000c4d00000| Untracked 
|  54|0x00000000c4e00000, 0x00000000c4e00000, 0x00000000c4f00000|  0%| F|  |TAMS 0x00000000c4e00000, 0x00000000c4e00000| Untracked 
|  55|0x00000000c4f00000, 0x00000000c4f00000, 0x00000000c5000000|  0%| F|  |TAMS 0x00000000c4f00000, 0x00000000c4f00000| Untracked 
|  63|0x00000000c5700000, 0x00000000c5700000, 0x00000000c5800000|  0%| F|  |TAMS 0x00000000c5700000, 0x00000000c5700000| Untracked 

Card table byte_map: [0x00000215ff4f0000,0x00000215ff6f0000] _byte_map_base: 0x00000215feee4000

Marking Bits (Prev, Next): (CMBitMap*) 0x00000215ec925d30, (CMBitMap*) 0x00000215ec925d70
 Prev Bits: [0x0000021580000000, 0x0000021580fa0000)
 Next Bits: [0x0000021580fa0000, 0x0000021581f40000)

Polling page: 0x00000215ec0b0000

Metaspace:

Usage:
  Non-class:     38.73 MB capacity,    38.42 MB (>99%) used,   260.75 KB ( <1%) free+waste,    57.06 KB ( <1%) overhead. 
      Class:      5.44 MB capacity,     5.30 MB ( 97%) used,   126.78 KB (  2%) free+waste,    21.13 KB ( <1%) overhead. 
       Both:     44.17 MB capacity,    43.72 MB ( 99%) used,   387.53 KB ( <1%) free+waste,    78.19 KB ( <1%) overhead. 

Virtual space:
  Non-class space:       54.00 MB reserved,      38.75 MB ( 72%) committed 
      Class space:        1.00 GB reserved,       5.50 MB ( <1%) committed 
             Both:        1.05 GB reserved,      44.25 MB (  4%) committed 

Chunk freelists:
   Non-Class:  22.00 KB
       Class:  28.00 KB
        Both:  50.00 KB

MaxMetaspaceSize: 17179869184.00 GB
CompressedClassSpaceSize: 1.00 GB

CodeHeap 'non-profiled nmethods': size=120000Kb used=1711Kb max_used=1711Kb free=118288Kb
 bounds [0x00000215f7dc0000, 0x00000215f8030000, 0x00000215ff2f0000]
CodeHeap 'profiled nmethods': size=120000Kb used=8072Kb max_used=8072Kb free=111927Kb
 bounds [0x00000215f0890000, 0x00000215f1080000, 0x00000215f7dc0000]
CodeHeap 'non-nmethods': size=5760Kb used=1228Kb max_used=1335Kb free=4531Kb
 bounds [0x00000215f02f0000, 0x00000215f0560000, 0x00000215f0890000]
 total_blobs=4338 nmethods=3840 adapters=410
 compilation: enabled
              stopped_count=0, restarted_count=0
 full_count=0

Compilation events (20 events):
Event: 11.800 Thread 0x0000021584786560 3863       3       java.lang.invoke.MethodType::makeImpl (108 bytes)
Event: 11.801 Thread 0x0000021584786560 nmethod 3863 0x00000215f1070910 code [0x00000215f1070bc0, 0x00000215f1071998]
Event: 11.801 Thread 0x0000021584786560 3861       3       java.lang.invoke.MethodType::checkRtype (6 bytes)
Event: 11.801 Thread 0x0000021584786560 nmethod 3861 0x00000215f1071e10 code [0x00000215f1071fc0, 0x00000215f10721e8]
Event: 11.805 Thread 0x00000215ffe1e760 nmethod 3838 0x00000215f7f68a90 code [0x00000215f7f68c40, 0x00000215f7f69598]
Event: 11.805 Thread 0x00000215ffe1e760 3837       4       java.util.logging.Logger::log (44 bytes)
Event: 11.806 Thread 0x00000215ffe1e760 nmethod 3837 0x00000215f7f69990 code [0x00000215f7f69b00, 0x00000215f7f69bb8]
Event: 11.807 Thread 0x00000215ffe1e760 3855       4       org.postgresql.jdbc.PgResultSet::getRawValue (63 bytes)
Event: 11.808 Thread 0x00000215ffe1e760 nmethod 3855 0x00000215f7f69c90 code [0x00000215f7f69e20, 0x00000215f7f69f98]
Event: 11.808 Thread 0x00000215ffe1e760 3856       4       org.postgresql.jdbc.PgResultSet::checkColumnIndex (54 bytes)
Event: 11.809 Thread 0x00000215ffe1e760 nmethod 3856 0x00000215f7f6a110 code [0x00000215f7f6a280, 0x00000215f7f6a318]
Event: 11.809 Thread 0x00000215ffe1e760 3860       4       java.util.LinkedHashMap$LinkedHashIterator::nextNode (54 bytes)
Event: 11.812 Thread 0x00000215ffe1e760 nmethod 3860 0x00000215f7f6a410 code [0x00000215f7f6a580, 0x00000215f7f6a7f8]
Event: 11.812 Thread 0x00000215ffe1e760 3844       4       java.lang.String::<init> (15 bytes)
Event: 11.813 Thread 0x00000215ffe1e760 nmethod 3844 0x00000215f7f6a910 code [0x00000215f7f6aa80, 0x00000215f7f6abd8]
Event: 11.813 Thread 0x00000215ffe1e760 3864       4       java.lang.Class::reflectionData (43 bytes)
Event: 11.819 Thread 0x00000215ffe1e760 nmethod 3864 0x00000215f7f6ac90 code [0x00000215f7f6ae40, 0x00000215f7f6b2b8]
Event: 11.820 Thread 0x00000215ffe1e760 3865   !   4       jdk.internal.ref.PhantomCleanable::remove (60 bytes)
Event: 11.824 Thread 0x00000215ffe1e760 nmethod 3865 0x00000215f7f6b490 code [0x00000215f7f6b620, 0x00000215f7f6bc18]
Event: 11.824 Thread 0x00000215ffe1e760 3866       4       java.net.URLStreamHandler::toExternalForm (156 bytes)

GC Heap History (20 events):
Event: 6.352 GC heap before
{Heap before GC invocations=6 (full 0):
 garbage-first heap   total 37888K, used 27176K [0x00000000c1800000, 0x0000000100000000)
  region size 1024K, 22 young (22528K), 3 survivors (3072K)
 Metaspace       used 24315K, capacity 24631K, committed 24832K, reserved 1071104K
  class space    used 2601K, capacity 2703K, committed 2816K, reserved 1048576K
}
Event: 6.357 GC heap after
{Heap after GC invocations=7 (full 0):
 garbage-first heap   total 37888K, used 9800K [0x00000000c1800000, 0x0000000100000000)
  region size 1024K, 2 young (2048K), 2 survivors (2048K)
 Metaspace       used 24315K, capacity 24631K, committed 24832K, reserved 1071104K
  class space    used 2601K, capacity 2703K, committed 2816K, reserved 1048576K
}
Event: 6.362 GC heap before
{Heap before GC invocations=7 (full 0):
 garbage-first heap   total 37888K, used 25160K [0x00000000c1800000, 0x0000000100000000)
  region size 1024K, 18 young (18432K), 2 survivors (2048K)
 Metaspace       used 24315K, capacity 24631K, committed 24832K, reserved 1071104K
  class space    used 2601K, capacity 2703K, committed 2816K, reserved 1048576K
}
Event: 6.364 GC heap after
{Heap after GC invocations=8 (full 0):
 garbage-first heap   total 37888K, used 9935K [0x00000000c1800000, 0x0000000100000000)
  region size 1024K, 2 young (2048K), 2 survivors (2048K)
 Metaspace       used 24315K, capacity 24631K, committed 24832K, reserved 1071104K
  class space    used 2601K, capacity 2703K, committed 2816K, reserved 1048576K
}
Event: 6.369 GC heap before
{Heap before GC invocations=8 (full 0):
 garbage-first heap   total 37888K, used 26319K [0x00000000c1800000, 0x0000000100000000)
  region size 1024K, 19 young (19456K), 2 survivors (2048K)
 Metaspace       used 24315K, capacity 24631K, committed 24832K, reserved 1071104K
  class space    used 2601K, capacity 2703K, committed 2816K, reserved 1048576K
}
Event: 6.371 GC heap after
{Heap after GC invocations=9 (full 0):
 garbage-first heap   total 37888K, used 9811K [0x00000000c1800000, 0x0000000100000000)
  region size 1024K, 2 young (2048K), 2 survivors (2048K)
 Metaspace       used 24315K, capacity 24631K, committed 24832K, reserved 1071104K
  class space    used 2601K, capacity 2703K, committed 2816K, reserved 1048576K
}
Event: 7.115 GC heap before
{Heap before GC invocations=9 (full 0):
 garbage-first heap   total 37888K, used 28243K [0x00000000c1800000, 0x0000000100000000)
  region size 1024K, 20 young (20480K), 2 survivors (2048K)
 Metaspace       used 26032K, capacity 26381K, committed 26496K, reserved 1073152K
  class space    used 2767K, capacity 2853K, committed 2944K, reserved 1048576K
}
Event: 7.119 GC heap after
{Heap after GC invocations=10 (full 0):
 garbage-first heap   total 37888K, used 11075K [0x00000000c1800000, 0x0000000100000000)
  region size 1024K, 3 young (3072K), 3 survivors (3072K)
 Metaspace       used 26032K, capacity 26381K, committed 26496K, reserved 1073152K
  class space    used 2767K, capacity 2853K, committed 2944K, reserved 1048576K
}
Event: 7.948 GC heap before
{Heap before GC invocations=10 (full 0):
 garbage-first heap   total 37888K, used 28483K [0x00000000c1800000, 0x0000000100000000)
  region size 1024K, 20 young (20480K), 3 survivors (3072K)
 Metaspace       used 27510K, capacity 27882K, committed 27904K, reserved 1075200K
  class space    used 2955K, capacity 3065K, committed 3072K, reserved 1048576K
}
Event: 7.952 GC heap after
{Heap after GC invocations=11 (full 0):
 garbage-first heap   total 37888K, used 11564K [0x00000000c1800000, 0x0000000100000000)
  region size 1024K, 3 young (3072K), 3 survivors (3072K)
 Metaspace       used 27510K, capacity 27882K, committed 27904K, reserved 1075200K
  class space    used 2955K, capacity 3065K, committed 3072K, reserved 1048576K
}
Event: 8.688 GC heap before
{Heap before GC invocations=11 (full 0):
 garbage-first heap   total 37888K, used 27948K [0x00000000c1800000, 0x0000000100000000)
  region size 1024K, 19 young (19456K), 3 survivors (3072K)
 Metaspace       used 30138K, capacity 30541K, committed 30720K, reserved 1077248K
  class space    used 3400K, capacity 3523K, committed 3584K, reserved 1048576K
}
Event: 8.692 GC heap after
{Heap after GC invocations=12 (full 0):
 garbage-first heap   total 37888K, used 12473K [0x00000000c1800000, 0x0000000100000000)
  region size 1024K, 3 young (3072K), 3 survivors (3072K)
 Metaspace       used 30138K, capacity 30541K, committed 30720K, reserved 1077248K
  class space    used 3400K, capacity 3523K, committed 3584K, reserved 1048576K
}
Event: 9.304 GC heap before
{Heap before GC invocations=12 (full 0):
 garbage-first heap   total 37888K, used 27833K [0x00000000c1800000, 0x0000000100000000)
  region size 1024K, 18 young (18432K), 3 survivors (3072K)
 Metaspace       used 33239K, capacity 33720K, committed 33920K, reserved 1079296K
  class space    used 3822K, capacity 3956K, committed 3968K, reserved 1048576K
}
Event: 9.311 GC heap after
{Heap after GC invocations=13 (full 0):
 garbage-first heap   total 37888K, used 14055K [0x00000000c1800000, 0x0000000100000000)
  region size 1024K, 3 young (3072K), 3 survivors (3072K)
 Metaspace       used 33239K, capacity 33720K, committed 33920K, reserved 1079296K
  class space    used 3822K, capacity 3956K, committed 3968K, reserved 1048576K
}
Event: 9.648 GC heap before
{Heap before GC invocations=13 (full 0):
 garbage-first heap   total 37888K, used 21223K [0x00000000c1800000, 0x0000000100000000)
  region size 1024K, 11 young (11264K), 3 survivors (3072K)
 Metaspace       used 35277K, capacity 35686K, committed 35840K, reserved 1081344K
  class space    used 4086K, capacity 4250K, committed 4352K, reserved 1048576K
}
Event: 9.653 GC heap after
{Heap after GC invocations=14 (full 0):
 garbage-first heap   total 37888K, used 14758K [0x00000000c1800000, 0x0000000100000000)
  region size 1024K, 1 young (1024K), 1 survivors (1024K)
 Metaspace       used 35277K, capacity 35686K, committed 35840K, reserved 1081344K
  class space    used 4086K, capacity 4250K, committed 4352K, reserved 1048576K
}
Event: 10.135 GC heap before
{Heap before GC invocations=15 (full 0):
 garbage-first heap   total 37888K, used 28070K [0x00000000c1800000, 0x0000000100000000)
  region size 1024K, 14 young (14336K), 1 survivors (1024K)
 Metaspace       used 38141K, capacity 38517K, committed 38784K, reserved 1083392K
  class space    used 4485K, capacity 4637K, committed 4736K, reserved 1048576K
}
Event: 10.138 GC heap after
{Heap after GC invocations=16 (full 0):
 garbage-first heap   total 37888K, used 15306K [0x00000000c1800000, 0x0000000100000000)
  region size 1024K, 2 young (2048K), 2 survivors (2048K)
 Metaspace       used 38141K, capacity 38517K, committed 38784K, reserved 1083392K
  class space    used 4485K, capacity 4637K, committed 4736K, reserved 1048576K
}
Event: 10.933 GC heap before
{Heap before GC invocations=16 (full 0):
 garbage-first heap   total 37888K, used 27594K [0x00000000c1800000, 0x0000000100000000)
  region size 1024K, 15 young (15360K), 2 survivors (2048K)
 Metaspace       used 42311K, capacity 42762K, committed 43008K, reserved 1087488K
  class space    used 5153K, capacity 5283K, committed 5376K, reserved 1048576K
}
Event: 10.936 GC heap after
{Heap after GC invocations=17 (full 0):
 garbage-first heap   total 37888K, used 16056K [0x00000000c1800000, 0x0000000100000000)
  region size 1024K, 2 young (2048K), 2 survivors (2048K)
 Metaspace       used 42311K, capacity 42762K, committed 43008K, reserved 1087488K
  class space    used 5153K, capacity 5283K, committed 5376K, reserved 1048576K
}

Deoptimization events (20 events):
Event: 10.919 Thread 0x0000021584742c20 DEOPT PACKING pc=0x00000215f7e17d84 sp=0x00000064fa8faf00
Event: 10.919 Thread 0x0000021584742c20 DEOPT UNPACKING pc=0x00000215f033e42f sp=0x00000064fa8fae90 mode 2
Event: 10.919 Thread 0x0000021584742c20 DEOPT PACKING pc=0x00000215f09c8b3e sp=0x00000064fa8faeb0
Event: 10.919 Thread 0x0000021584742c20 DEOPT UNPACKING pc=0x00000215f033e23f sp=0x00000064fa8fa3a0 mode 0
Event: 10.929 Thread 0x0000021584742c20 Uncommon trap: trap_request=0xffffff45 fr.pc=0x00000215f7e073c8 relative=0x00000000000000c8
Event: 10.929 Thread 0x0000021584742c20 Uncommon trap: reason=unstable_if action=reinterpret pc=0x00000215f7e073c8 method=java.net.URI.match(CJJ)Z @ 45 c2
Event: 10.929 Thread 0x0000021584742c20 DEOPT PACKING pc=0x00000215f7e073c8 sp=0x00000064fa8fc4f0
Event: 10.929 Thread 0x0000021584742c20 DEOPT UNPACKING pc=0x00000215f033e42f sp=0x00000064fa8fc478 mode 2
Event: 11.063 Thread 0x0000021584742c20 Uncommon trap: trap_request=0xffffff45 fr.pc=0x00000215f7e38600 relative=0x0000000000000080
Event: 11.063 Thread 0x0000021584742c20 Uncommon trap: reason=unstable_if action=reinterpret pc=0x00000215f7e38600 method=java.lang.CharacterDataLatin1.isWhitespace(I)Z @ 14 c2
Event: 11.063 Thread 0x0000021584742c20 DEOPT PACKING pc=0x00000215f7e38600 sp=0x00000064fa8fc9d0
Event: 11.063 Thread 0x0000021584742c20 DEOPT UNPACKING pc=0x00000215f033e42f sp=0x00000064fa8fc940 mode 2
Event: 11.105 Thread 0x0000021584742c20 DEOPT PACKING pc=0x00000215f0bfc27f sp=0x00000064fa8fd030
Event: 11.105 Thread 0x0000021584742c20 DEOPT UNPACKING pc=0x00000215f033e23f sp=0x00000064fa8fc4c0 mode 3
Event: 11.109 Thread 0x00000215862dc570 DEOPT PACKING pc=0x00000215f0bfcf83 sp=0x00000064fadfeef0
Event: 11.109 Thread 0x00000215862dc570 DEOPT UNPACKING pc=0x00000215f033e23f sp=0x00000064fadfe348 mode 3
Event: 11.798 Thread 0x0000021584742c20 Uncommon trap: trap_request=0xffffff45 fr.pc=0x00000215f7f3c5dc relative=0x0000000000002e3c
Event: 11.798 Thread 0x0000021584742c20 Uncommon trap: reason=unstable_if action=reinterpret pc=0x00000215f7f3c5dc method=java.lang.invoke.MethodType.makeImpl(Ljava/lang/Class;[Ljava/lang/Class;Z)Ljava/lang/invoke/MethodType; @ 46 c2
Event: 11.798 Thread 0x0000021584742c20 DEOPT PACKING pc=0x00000215f7f3c5dc sp=0x00000064fa8fbf40
Event: 11.798 Thread 0x0000021584742c20 DEOPT UNPACKING pc=0x00000215f033e42f sp=0x00000064fa8fbf58 mode 2

Classes unloaded (0 events):
No events

Classes redefined (0 events):
No events

Internal exceptions (20 events):
Event: 8.941 Thread 0x0000021584742c20 Exception <a 'java/lang/ClassNotFoundException'{0x00000000c36b7bb8}: org/springframework/core/OrderedCustomizer> (0x00000000c36b7bb8) 
thrown [./open/src/hotspot/share/classfile/systemDictionary.cpp, line 295]
Event: 8.942 Thread 0x0000021584742c20 Exception <a 'java/lang/ClassNotFoundException'{0x00000000c36bd408}: org/springframework/beans/factory/BeanClassLoaderAwareCustomizer> (0x00000000c36bd408) 
thrown [./open/src/hotspot/share/classfile/systemDictionary.cpp, line 295]
Event: 8.942 Thread 0x0000021584742c20 Exception <a 'java/lang/ClassNotFoundException'{0x00000000c36c2cb0}: org/springframework/beans/factory/AwareCustomizer> (0x00000000c36c2cb0) 
thrown [./open/src/hotspot/share/classfile/systemDictionary.cpp, line 295]
Event: 8.943 Thread 0x0000021584742c20 Exception <a 'java/lang/ClassNotFoundException'{0x00000000c36c7c28}: org/springframework/aop/framework/AopInfrastructureBeanCustomizer> (0x00000000c36c7c28) 
thrown [./open/src/hotspot/share/classfile/systemDictionary.cpp, line 295]
Event: 9.069 Thread 0x0000021584742c20 Exception <a 'java/lang/ClassNotFoundException'{0x00000000c326e488}: java/lang/ObjectCustomizer> (0x00000000c326e488) 
thrown [./open/src/hotspot/share/classfile/systemDictionary.cpp, line 295]
Event: 9.071 Thread 0x0000021584742c20 Exception <a 'java/lang/ClassNotFoundException'{0x00000000c3277880}: org/springframework/transaction/annotation/AbstractTransactionManagementConfigurationCustomizer> (0x00000000c3277880) 
thrown [./open/src/hotspot/share/classfile/systemDictionary.cpp, line 295]
Event: 9.072 Thread 0x0000021584742c20 Exception <a 'java/lang/ClassNotFoundException'{0x00000000c327fcb0}: org/springframework/transaction/annotation/ProxyTransactionManagementConfigurationCustomizer> (0x00000000c327fcb0) 
thrown [./open/src/hotspot/share/classfile/systemDictionary.cpp, line 295]
Event: 9.073 Thread 0x0000021584742c20 Exception <a 'java/lang/ClassNotFoundException'{0x00000000c3289340}: org/springframework/context/annotation/ImportAwareCustomizer> (0x00000000c3289340) 
thrown [./open/src/hotspot/share/classfile/systemDictionary.cpp, line 295]
Event: 9.075 Thread 0x0000021584742c20 Exception <a 'java/lang/ClassNotFoundException'{0x00000000c328f800}: org/springframework/beans/factory/AwareCustomizer> (0x00000000c328f800) 
thrown [./open/src/hotspot/share/classfile/systemDictionary.cpp, line 295]
Event: 9.255 Thread 0x0000021584742c20 Exception <a 'java/lang/NoSuchMethodError'{0x00000000c2fc8518}: 'int java.lang.invoke.DirectMethodHandle$Holder.invokeSpecial(java.lang.Object, java.lang.Object, java.lang.Object, java.lang.Object, java.lang.Object)'> (0x00000000c2fc8518) 
thrown [./open/src/hotspot/share/interpreter/linkResolver.cpp, line 782]
Event: 9.297 Thread 0x0000021584742c20 Implicit null exception at 0x00000215f7efa9c7 to 0x00000215f7efabe0
Event: 9.337 Thread 0x0000021584742c20 Implicit null exception at 0x00000215f7f03860 to 0x00000215f7f03ab4
Event: 9.399 Thread 0x0000021584742c20 Exception <a 'java/lang/NoSuchMethodError'{0x00000000c4f60260}: 'void java.lang.invoke.DirectMethodHandle$Holder.invokeInterface(java.lang.Object, java.lang.Object, int)'> (0x00000000c4f60260) 
thrown [./open/src/hotspot/share/interpreter/linkResolver.cpp, line 782]
Event: 9.405 Thread 0x0000021584742c20 Exception <a 'java/lang/IncompatibleClassChangeError'{0x00000000c4f86b88}: Found class java.lang.Object, but interface was expected> (0x00000000c4f86b88) 
thrown [./open/src/hotspot/share/interpreter/linkResolver.cpp, line 848]
Event: 9.486 Thread 0x0000021584742c20 Exception <a 'java/lang/NoSuchMethodError'{0x00000000c4ef7a58}: 'void java.lang.invoke.DirectMethodHandle$Holder.invokeStaticInit(java.lang.Object, java.lang.Object, java.lang.Object, java.lang.Object)'> (0x00000000c4ef7a58) 
thrown [./open/src/hotspot/share/interpreter/linkResolver.cpp, line 782]
Event: 9.566 Thread 0x0000021584742c20 Exception <a 'java/lang/NoSuchMethodError'{0x00000000c38cce78}: 'java.lang.Object java.lang.invoke.DirectMethodHandle$Holder.invokeVirtual(java.lang.Object, java.lang.Object, int)'> (0x00000000c38cce78) 
thrown [./open/src/hotspot/share/interpreter/linkResolver.cpp, line 782]
Event: 10.482 Thread 0x0000021584742c20 Exception <a 'java/lang/NoSuchMethodError'{0x00000000c37aad18}: 'java.lang.Object java.lang.invoke.DirectMethodHandle$Holder.invokeStaticInit(java.lang.Object, int, int, int, int)'> (0x00000000c37aad18) 
thrown [./open/src/hotspot/share/interpreter/linkResolver.cpp, line 782]
Event: 10.677 Thread 0x0000021584742c20 Exception <a 'java/lang/NoSuchMethodError'{0x00000000c3654b20}: 'java.lang.Object java.lang.invoke.DirectMethodHandle$Holder.invokeStaticInit(java.lang.Object, java.lang.Object, int, int, int, int)'> (0x00000000c3654b20) 
thrown [./open/src/hotspot/share/interpreter/linkResolver.cpp, line 782]
Event: 11.794 Thread 0x00000215862dca40 Exception <a 'sun/net/ConnectionResetException'{0x00000000c37dee70}: Connection reset> (0x00000000c37dee70) 
thrown [./open/src/hotspot/share/prims/jni.cpp, line 599]
Event: 11.797 Thread 0x0000021584742c20 Exception <a 'java/lang/NoSuchMethodError'{0x00000000c363c9e8}: 'java.lang.Object java.lang.invoke.DirectMethodHandle$Holder.invokeStaticInit(java.lang.Object, java.lang.Object, java.lang.Object, java.lang.Object)'> (0x00000000c363c9e8) 
thrown [./open/src/hotspot/share/interpreter/linkResolver.cpp, line 782]

Events (20 events):
Event: 11.664 loading class java/util/regex/Pattern$1MatcherIterator
Event: 11.664 loading class java/util/regex/Pattern$1MatcherIterator done
Event: 11.793 loading class sun/net/ConnectionResetException
Event: 11.793 loading class sun/net/ConnectionResetException done
Event: 11.794 loading class java/util/ResourceBundle$ResourceBundleControlProviderHolder
Event: 11.795 loading class java/util/ResourceBundle$ResourceBundleControlProviderHolder done
Event: 11.795 loading class java/util/spi/ResourceBundleControlProvider
Event: 11.795 loading class java/util/spi/ResourceBundleControlProvider done
Event: 11.796 loading class java/util/ResourceBundle$CacheKey
Event: 11.796 loading class java/util/ResourceBundle$CacheKey done
Event: 11.796 loading class java/util/ResourceBundle$KeyElementReference
Event: 11.796 loading class java/util/ResourceBundle$CacheKeyReference
Event: 11.796 loading class java/util/ResourceBundle$CacheKeyReference done
Event: 11.796 loading class java/util/ResourceBundle$KeyElementReference done
Event: 11.797 loading class java/util/ResourceBundle$Control$2
Event: 11.797 loading class java/util/ResourceBundle$Control$2 done
Event: 11.798 loading class java/util/ResourceBundle$BundleReference
Event: 11.798 loading class java/util/ResourceBundle$BundleReference done
Event: 11.833 Executing VM operation: CollectForMetadataAllocation
Event: 11.833 Executing VM operation: CollectForMetadataAllocation done


Dynamic libraries:
0x00007ff6259a0000 - 0x00007ff6259ad000 	C:\Users\Pranav\.p2\pool\plugins\org.eclipse.justj.openjdk.hotspot.jre.full.win32.x86_64_15.0.1.v20201027-0507\jre\bin\javaw.exe
0x00007fff531c0000 - 0x00007fff533b0000 	C:\WINDOWS\SYSTEM32\ntdll.dll
0x00007fff52280000 - 0x00007fff52332000 	C:\WINDOWS\System32\KERNEL32.DLL
0x00007fff50960000 - 0x00007fff50c05000 	C:\WINDOWS\System32\KERNELBASE.dll
0x00007fff500e0000 - 0x00007fff501da000 	C:\WINDOWS\System32\ucrtbase.dll
0x00007fff4b950000 - 0x00007fff4b968000 	C:\Users\Pranav\.p2\pool\plugins\org.eclipse.justj.openjdk.hotspot.jre.full.win32.x86_64_15.0.1.v20201027-0507\jre\bin\jli.dll
0x00007fff4a770000 - 0x00007fff4a789000 	C:\Users\Pranav\.p2\pool\plugins\org.eclipse.justj.openjdk.hotspot.jre.full.win32.x86_64_15.0.1.v20201027-0507\jre\bin\VCRUNTIME140.dll
0x00007fff51300000 - 0x00007fff51494000 	C:\WINDOWS\System32\USER32.dll
0x00007fff50d00000 - 0x00007fff50d21000 	C:\WINDOWS\System32\win32u.dll
0x00007fff527f0000 - 0x00007fff52816000 	C:\WINDOWS\System32\GDI32.dll
0x00007fff50fd0000 - 0x00007fff51168000 	C:\WINDOWS\System32\gdi32full.dll
0x00007fff50c60000 - 0x00007fff50cfe000 	C:\WINDOWS\System32\msvcp_win.dll
0x00007fff3cc30000 - 0x00007fff3ceb4000 	C:\WINDOWS\WinSxS\amd64_microsoft.windows.common-controls_6595b64144ccf1df_6.0.18362.1440_none_9e7dbfb9e45e8e67\COMCTL32.dll
0x00007fff52530000 - 0x00007fff525ce000 	C:\WINDOWS\System32\msvcrt.dll
0x00007fff51740000 - 0x00007fff51a76000 	C:\WINDOWS\System32\combase.dll
0x00007fff51be0000 - 0x00007fff51cff000 	C:\WINDOWS\System32\RPCRT4.dll
0x00007fff50d80000 - 0x00007fff50e01000 	C:\WINDOWS\System32\bcryptPrimitives.dll
0x00007fff527c0000 - 0x00007fff527ee000 	C:\WINDOWS\System32\IMM32.DLL
0x00007fff4c520000 - 0x00007fff4c52c000 	C:\Users\Pranav\.p2\pool\plugins\org.eclipse.justj.openjdk.hotspot.jre.full.win32.x86_64_15.0.1.v20201027-0507\jre\bin\vcruntime140_1.dll
0x00007fff3e900000 - 0x00007fff3e991000 	C:\Users\Pranav\.p2\pool\plugins\org.eclipse.justj.openjdk.hotspot.jre.full.win32.x86_64_15.0.1.v20201027-0507\jre\bin\msvcp140.dll
0x00007fff0ba00000 - 0x00007fff0c55e000 	C:\Users\Pranav\.p2\pool\plugins\org.eclipse.justj.openjdk.hotspot.jre.full.win32.x86_64_15.0.1.v20201027-0507\jre\bin\server\jvm.dll
0x00007fff52820000 - 0x00007fff528c3000 	C:\WINDOWS\System32\ADVAPI32.dll
0x00007fff514e0000 - 0x00007fff51577000 	C:\WINDOWS\System32\sechost.dll
0x00007fff514d0000 - 0x00007fff514d9000 	C:\WINDOWS\System32\WSOCK32.dll
0x00007fff516d0000 - 0x00007fff5173f000 	C:\WINDOWS\System32\WS2_32.dll
0x00007fff51220000 - 0x00007fff5122a000 	C:\WINDOWS\System32\VERSION.dll
0x00007fff514c0000 - 0x00007fff514c8000 	C:\WINDOWS\System32\PSAPI.DLL
0x00007fff4e120000 - 0x00007fff4e144000 	C:\WINDOWS\SYSTEM32\WINMM.dll
0x00007fff4e0f0000 - 0x00007fff4e11d000 	C:\WINDOWS\SYSTEM32\winmmbase.dll
0x00007fff50d30000 - 0x00007fff50d7a000 	C:\WINDOWS\System32\cfgmgr32.dll
0x00007fff50080000 - 0x00007fff50091000 	C:\WINDOWS\System32\kernel.appcore.dll
0x00007fff4e160000 - 0x00007fff4e16a000 	C:\Users\Pranav\.p2\pool\plugins\org.eclipse.justj.openjdk.hotspot.jre.full.win32.x86_64_15.0.1.v20201027-0507\jre\bin\jimage.dll
0x00007fff25ac0000 - 0x00007fff25cb4000 	C:\WINDOWS\SYSTEM32\DBGHELP.DLL
0x00007fff3e5e0000 - 0x00007fff3e60a000 	C:\WINDOWS\SYSTEM32\dbgcore.DLL
0x00007fff4a700000 - 0x00007fff4a725000 	C:\Users\Pranav\.p2\pool\plugins\org.eclipse.justj.openjdk.hotspot.jre.full.win32.x86_64_15.0.1.v20201027-0507\jre\bin\java.dll
0x00007fff4aca0000 - 0x00007fff4acb8000 	C:\Users\Pranav\.p2\pool\plugins\org.eclipse.justj.openjdk.hotspot.jre.full.win32.x86_64_15.0.1.v20201027-0507\jre\bin\zip.dll
0x00007fff528e0000 - 0x00007fff52fc8000 	C:\WINDOWS\System32\SHELL32.dll
0x00007fff523a0000 - 0x00007fff52447000 	C:\WINDOWS\System32\shcore.dll
0x00007fff501e0000 - 0x00007fff5095b000 	C:\WINDOWS\System32\windows.storage.dll
0x00007fff500c0000 - 0x00007fff500de000 	C:\WINDOWS\System32\profapi.dll
0x00007fff50030000 - 0x00007fff5007a000 	C:\WINDOWS\System32\powrprof.dll
0x00007fff50020000 - 0x00007fff50030000 	C:\WINDOWS\System32\UMPDC.dll
0x00007fff52340000 - 0x00007fff52392000 	C:\WINDOWS\System32\shlwapi.dll
0x00007fff50c40000 - 0x00007fff50c57000 	C:\WINDOWS\System32\cryptsp.dll
0x00007fff46a10000 - 0x00007fff46a29000 	C:\Users\Pranav\.p2\pool\plugins\org.eclipse.justj.openjdk.hotspot.jre.full.win32.x86_64_15.0.1.v20201027-0507\jre\bin\net.dll
0x00007fff4b610000 - 0x00007fff4b70a000 	C:\WINDOWS\SYSTEM32\WINHTTP.dll
0x00007fff4f860000 - 0x00007fff4f8c7000 	C:\WINDOWS\system32\mswsock.dll
0x00007fff44a70000 - 0x00007fff44a82000 	C:\Users\Pranav\.p2\pool\plugins\org.eclipse.justj.openjdk.hotspot.jre.full.win32.x86_64_15.0.1.v20201027-0507\jre\bin\nio.dll
0x00007fff4e0a0000 - 0x00007fff4e0b0000 	C:\Users\Pranav\.p2\pool\plugins\org.eclipse.justj.openjdk.hotspot.jre.full.win32.x86_64_15.0.1.v20201027-0507\jre\bin\verify.dll
0x00007fff4dfb0000 - 0x00007fff4dfb9000 	C:\Users\Pranav\.p2\pool\plugins\org.eclipse.justj.openjdk.hotspot.jre.full.win32.x86_64_15.0.1.v20201027-0507\jre\bin\management.dll
0x00007fff4c4f0000 - 0x00007fff4c4fb000 	C:\Users\Pranav\.p2\pool\plugins\org.eclipse.justj.openjdk.hotspot.jre.full.win32.x86_64_15.0.1.v20201027-0507\jre\bin\management_ext.dll
0x00007fff245a0000 - 0x00007fff245b6000 	C:\WINDOWS\system32\napinsp.dll
0x00007fff20600000 - 0x00007fff2061a000 	C:\WINDOWS\system32\pnrpnsp.dll
0x00007fff4f5b0000 - 0x00007fff4f67b000 	C:\WINDOWS\SYSTEM32\DNSAPI.dll
0x00007fff51580000 - 0x00007fff51588000 	C:\WINDOWS\System32\NSI.dll
0x00007fff4f570000 - 0x00007fff4f5aa000 	C:\WINDOWS\SYSTEM32\IPHLPAPI.DLL
0x00007fff205f0000 - 0x00007fff205fe000 	C:\WINDOWS\System32\winrnr.dll
0x00007fff4df00000 - 0x00007fff4df1c000 	C:\WINDOWS\system32\NLAapi.dll
0x00007fff20620000 - 0x00007fff20635000 	C:\WINDOWS\system32\wshbth.dll
0x00007fff3fa50000 - 0x00007fff3fa5a000 	C:\Windows\System32\rasadhlp.dll
0x00007fff47f30000 - 0x00007fff47fa7000 	C:\WINDOWS\System32\fwpuclnt.dll
0x00007fff50c10000 - 0x00007fff50c36000 	C:\WINDOWS\System32\bcrypt.dll
0x00007fff4f3e0000 - 0x00007fff4f413000 	C:\WINDOWS\system32\rsaenh.dll
0x00007fff4ff40000 - 0x00007fff4ff65000 	C:\WINDOWS\SYSTEM32\USERENV.dll
0x00007fff4fa30000 - 0x00007fff4fa3c000 	C:\WINDOWS\SYSTEM32\CRYPTBASE.dll
0x00007fff48110000 - 0x00007fff48126000 	C:\WINDOWS\SYSTEM32\dhcpcsvc6.DLL
0x00007fff48bc0000 - 0x00007fff48bdc000 	C:\WINDOWS\SYSTEM32\dhcpcsvc.DLL

dbghelp: loaded successfully - version: 4.0.5 - missing functions: none
symbol engine: initialized successfully - sym options: 0x614 - pdb path: .;C:\Users\Pranav\.p2\pool\plugins\org.eclipse.justj.openjdk.hotspot.jre.full.win32.x86_64_15.0.1.v20201027-0507\jre\bin;C:\WINDOWS\SYSTEM32;C:\WINDOWS\WinSxS\amd64_microsoft.windows.common-controls_6595b64144ccf1df_6.0.18362.1440_none_9e7dbfb9e45e8e67;C:\Users\Pranav\.p2\pool\plugins\org.eclipse.justj.openjdk.hotspot.jre.full.win32.x86_64_15.0.1.v20201027-0507\jre\bin\server

VM Arguments:
jvm_args: -Dfile.encoding=UTF-8 -XX:+ShowCodeDetailsInExceptionMessages 
java_command: com.capgemini.manageuser.ManageuserApplication
java_class_path (initial): C:\Users\Pranav\Downloads\manageuser\target\classes;C:\Users\Pranav\.m2\repository\org\projectlombok\lombok\1.18.12\lombok-1.18.12.jar;C:\Users\Pranav\.m2\repository\org\springframework\boot\spring-boot-starter-actuator\2.4.4\spring-boot-starter-actuator-2.4.4.jar;C:\Users\Pranav\.m2\repository\org\springframework\boot\spring-boot-starter\2.4.4\spring-boot-starter-2.4.4.jar;C:\Users\Pranav\.m2\repository\org\springframework\boot\spring-boot-starter-logging\2.4.4\spring-boot-starter-logging-2.4.4.jar;C:\Users\Pranav\.m2\repository\ch\qos\logback\logback-classic\1.2.3\logback-classic-1.2.3.jar;C:\Users\Pranav\.m2\repository\ch\qos\logback\logback-core\1.2.3\logback-core-1.2.3.jar;C:\Users\Pranav\.m2\repository\org\apache\logging\log4j\log4j-to-slf4j\2.13.3\log4j-to-slf4j-2.13.3.jar;C:\Users\Pranav\.m2\repository\org\apache\logging\log4j\log4j-api\2.13.3\log4j-api-2.13.3.jar;C:\Users\Pranav\.m2\repository\org\slf4j\jul-to-slf4j\1.7.30\jul-to-slf4j-1.7.30.jar;C:\Users\Pranav\.m2\repository\jakarta\annotation\jakarta.annotation-api\1.3.5\jakarta.annotation-api-1.3.5.jar;C:\Users\Pranav\.m2\repository\org\yaml\snakeyaml\1.27\snakeyaml-1.27.jar;C:\Users\Pranav\.m2\repository\org\springframework\boot\spring-boot-actuator-autoconfigure\2.4.4\spring-boot-actuator-autoconfigure-2.4.4.jar;C:\Users\Pranav\.m2\repository\org\springframework\boot\spring-boot-actuator\2.4.4\spring-boot-actuator-2.4.4.jar;C:\Users\Pranav\.m2\repository\com\fasterxml\jackson\core\jackson-databind\2.11.4\jackson-databind-2.11.4.jar;C:\Users\Pranav\.m2\repository\com\fasterxml\jackson\core\jackson-annotations\2.11.4\jackson-annotations-2.11.4.jar;C:\Users\Pranav\.m2\repository\com\fasterxml\jackson\core\jackson-core\2.11.4\jackson-core-2.11.4.jar;C:\Users\Pranav\.m2\repository\com\fasterxml\jackson\datatype\jackson-datatype-jsr310\2.11.4\jackson-datatype-jsr310-2.11.4.jar;C:\Users\Pranav\.m2\repository\io\micrometer\micrometer-core\1.6.5\micrometer-core-1.6.5.jar;C:\Users\P
Launcher Type: SUN_STANDARD

[Global flags]
     intx CICompilerCount                          = 3                                         {product} {ergonomic}
     uint ConcGCThreads                            = 1                                         {product} {ergonomic}
     uint G1ConcRefinementThreads                  = 4                                         {product} {ergonomic}
   size_t G1HeapRegionSize                         = 1048576                                   {product} {ergonomic}
    uintx GCDrainStackTargetSize                   = 64                                        {product} {ergonomic}
   size_t InitialHeapSize                          = 67108864                                  {product} {ergonomic}
   size_t MarkStackSize                            = 4194304                                   {product} {ergonomic}
   size_t MaxHeapSize                              = 1048576000                                {product} {ergonomic}
   size_t MaxNewSize                               = 629145600                                 {product} {ergonomic}
   size_t MinHeapDeltaBytes                        = 1048576                                   {product} {ergonomic}
   size_t MinHeapSize                              = 8388608                                   {product} {ergonomic}
    uintx NonNMethodCodeHeapSize                   = 5832780                                {pd product} {ergonomic}
    uintx NonProfiledCodeHeapSize                  = 122912730                              {pd product} {ergonomic}
    uintx ProfiledCodeHeapSize                     = 122912730                              {pd product} {ergonomic}
    uintx ReservedCodeCacheSize                    = 251658240                              {pd product} {ergonomic}
     bool SegmentedCodeCache                       = true                                      {product} {ergonomic}
     bool ShowCodeDetailsInExceptionMessages       = true                                   {manageable} {command line}
   size_t SoftMaxHeapSize                          = 1048576000                             {manageable} {ergonomic}
     bool UseCompressedClassPointers               = true                                 {lp64_product} {ergonomic}
     bool UseCompressedOops                        = true                                 {lp64_product} {ergonomic}
     bool UseG1GC                                  = true                                      {product} {ergonomic}
     bool UseLargePagesIndividualAllocation        = false                                  {pd product} {ergonomic}

Logging:
Log output configuration:
 #0: stdout all=warning uptime,level,tags
 #1: stderr all=off uptime,level,tags

Environment Variables:
JAVA_HOME=C:\Program Files\Java\jdk1.8.0_271
CLASSPATH=C:\Program Files\Java\jdk1.8.0_271\lib\tools.jar; . ;
PATH=C:/Users/Pranav/.p2/pool/plugins/org.eclipse.justj.openjdk.hotspot.jre.full.win32.x86_64_15.0.1.v20201027-0507/jre/bin/server;C:/Users/Pranav/.p2/pool/plugins/org.eclipse.justj.openjdk.hotspot.jre.full.win32.x86_64_15.0.1.v20201027-0507/jre/bin;C:\WINDOWS\system32;C:\WINDOWS;C:\WINDOWS\system32\Wbem;C:\Program Files\Java\jdk1.8.0_271\bin;C:\ProgramData\Oracle\Java\javapath;C:\Windows\system32;C:\Windows;C:\Windows\System32\Wbem;C:\Windows\System32\WindowsPowerShell\v1.0\;C:\Windows\System32\OpenSSH\;C:\Program Files\NVIDIA Corporation\NVIDIA NvDLISR;C:\Program Files (x86)\NVIDIA Corporation\PhysX\Common;C:\Users\Pranav\AppData\Local\Programs\Python\Python38-32;C:\Users\Pranav\anaconda3\Scripts;C:\Users\Pranav\anaconda3\Library\bin;C:\wamp64\www\DVWA\config;C:\Users\Pranav\AppData\Local\Microsoft\WindowsApps;C:\Users\Pranav\AppData\Local\Programs\Microsoft VS Code\bin;C:\Users\Pranav\AppData\Roam;C:\Program Files\Git\cmd;C:\Program Files\Java\jdk1.8.0_111\bin;C:\Program Files\nodejs\;C:\Program Files\Microsoft VS Code\bin;C:\Program Files\Azure Data Studio\bin;C:\Program Files (x86)\Microsoft SQL Server\150\DTS\Binn\;C:\Program Files\Microsoft SQL Server\Client SDK\ODBC\170\Tools\Binn\;C:\Program Files (x86)\Microsoft SQL Server\150\Tools\Binn\;C:\Program Files\Microsoft SQL Server\150\Tools\Binn\;C:\Program Files\Microsoft SQL Server\150\DTS\Binn\;C:\Users\Pranav\AppData\Local\Microsoft\WindowsApps;C:\Users\Pranav\AppData\Roaming\npm;C:\Program Files\nodejs;C:\Program Files\Azure Data Studio\bin;C:\Users\Pranav\Desktop;
USERNAME=Pranav
OS=Windows_NT
PROCESSOR_IDENTIFIER=Intel64 Family 6 Model 142 Stepping 9, GenuineIntel



---------------  S Y S T E M  ---------------

OS:
 Windows 10 , 64 bit Build 18362 (10.0.18362.1350)
OS uptime: 4 days 4:52 hours

CPU: total 4 (initial active 4) (2 cores per cpu, 2 threads per core) family 6 model 142 stepping 9 microcode 0x8e, cmov, cx8, fxsr, mmx, sse, sse2, sse3, ssse3, sse4.1, sse4.2, popcnt, vzeroupper, avx, avx2, aes, clmul, erms, 3dnowpref, lzcnt, ht, tsc, tscinvbit, bmi1, bmi2, adx, fma, clflush, clflushopt

Memory: 4k page, system-wide physical 3996M (241M free)
TotalPageFile size 16284M (AvailPageFile size 0M)
current process WorkingSet (physical memory assigned to process): 162M, peak: 181M
current process commit charge ("private bytes"): 189M, peak: 209M

vm_info: OpenJDK 64-Bit Server VM (15.0.1+9-18) for windows-amd64 JRE (15.0.1+9-18), built on Sep 15 2020 14:39:31 by "mach5one" with unknown MS VC++:1925

END.
